\BOOKMARK [1][-]{section.1}{Introducci\363n}{}% 1
\BOOKMARK [1][-]{section.2}{Iniciar y salir de Octave}{}% 2
\BOOKMARK [2][-]{subsection.2.1}{Instrucciones de utilidad}{section.2}% 3
\BOOKMARK [2][-]{subsection.2.2}{Operaciones b\341sicas}{section.2}% 4
\BOOKMARK [1][-]{section.3}{Variables}{}% 5
\BOOKMARK [2][-]{subsection.3.1}{Variables predefinidas}{section.3}% 6
\BOOKMARK [1][-]{section.4}{Vectores}{}% 7
\BOOKMARK [2][-]{subsection.4.1}{Secuencias}{section.4}% 8
\BOOKMARK [2][-]{subsection.4.2}{Funciones sobre vectores}{section.4}% 9
\BOOKMARK [1][-]{section.5}{Matrices}{}% 10
\BOOKMARK [2][-]{subsection.5.1}{Resoluci\363n de ecuaciones}{section.5}% 11
\BOOKMARK [1][-]{section.6}{Scripts en octave}{}% 12
\BOOKMARK [2][-]{subsection.6.1}{Operadores l\363gicos}{section.6}% 13
\BOOKMARK [2][-]{subsection.6.2}{Condiciones}{section.6}% 14
\BOOKMARK [3][-]{subsubsection.6.2.1}{IF}{subsection.6.2}% 15
\BOOKMARK [3][-]{subsubsection.6.2.2}{SWITCH}{subsection.6.2}% 16
\BOOKMARK [2][-]{subsection.6.3}{Bucles}{section.6}% 17
\BOOKMARK [3][-]{subsubsection.6.3.1}{FOR}{subsection.6.3}% 18
\BOOKMARK [3][-]{subsubsection.6.3.2}{DO-UNITL}{subsection.6.3}% 19
\BOOKMARK [3][-]{subsubsection.6.3.3}{WHILE}{subsection.6.3}% 20
\BOOKMARK [2][-]{subsection.6.4}{Funciones}{section.6}% 21
\BOOKMARK [2][-]{subsection.6.5}{Recoger informaci\363n del usuario}{section.6}% 22
\BOOKMARK [2][-]{subsection.6.6}{Ejecuci\363n}{section.6}% 23
